0 verbose cli /Users/mcclowes/.nvm/versions/node/v20.19.0/bin/node /Users/mcclowes/.nvm/versions/node/v20.19.0/bin/npm
1 info using npm@10.8.2
2 info using node@v20.19.0
3 silly config load:file:/Users/mcclowes/.nvm/versions/node/v20.19.0/lib/node_modules/npm/npmrc
4 silly config load:file:/Users/mcclowes/Development/mcclowes/cv/.npmrc
5 silly config load:file:/Users/mcclowes/.npmrc
6 silly config load:file:/Users/mcclowes/.nvm/versions/node/v20.19.0/etc/npmrc
7 verbose title npm install playwright
8 verbose argv "install" "--save-dev" "playwright"
9 verbose logfile logs-max:10 dir:/Users/mcclowes/Development/mcclowes/cv/.npm-cache/_logs/2025-10-23T14_59_11_286Z-
10 verbose logfile /Users/mcclowes/Development/mcclowes/cv/.npm-cache/_logs/2025-10-23T14_59_11_286Z-debug-0.log
11 silly packumentCache heap:4345298944 maxSize:1086324736 maxEntrySize:543162368
12 silly logfile done cleaning log files
13 silly idealTree buildDeps
14 silly fetch manifest playwright@*
15 silly packumentCache full:https://registry.npmjs.org/playwright cache-miss
16 http fetch GET 200 https://registry.npmjs.org/npm 378ms
17 http fetch GET 200 https://registry.npmjs.org/playwright 415ms (cache miss)
18 silly packumentCache full:https://registry.npmjs.org/playwright set size:undefined disposed:false
19 silly placeDep ROOT playwright@1.56.1 OK for: cv@3.0.0 want: *
20 silly fetch manifest playwright-core@1.56.1
21 silly packumentCache full:https://registry.npmjs.org/playwright-core cache-miss
22 http fetch GET 200 https://registry.npmjs.org/playwright-core 446ms (cache miss)
23 silly packumentCache full:https://registry.npmjs.org/playwright-core set size:undefined disposed:false
24 silly placeDep ROOT playwright-core@1.56.1 OK for: playwright@1.56.1 want: 1.56.1
25 silly reify moves {}
26 silly audit bulk request {
26 silly audit   '@ampproject/remapping': [ '2.2.1' ],
26 silly audit   '@babel/cli': [ '7.20.7' ],
26 silly audit   glob: [ '7.2.3', '7.1.6' ],
26 silly audit   minimatch: [ '3.1.2' ],
26 silly audit   '@babel/code-frame': [ '7.22.5' ],
26 silly audit   '@babel/compat-data': [ '7.22.9' ],
26 silly audit   '@babel/core': [ '7.22.9' ],
26 silly audit   debug: [ '4.3.4', '4.2.0', '2.6.9' ],
26 silly audit   ms: [ '2.1.2', '2.0.0' ],
26 silly audit   semver: [ '6.3.1', '6.3.0', '7.3.2', '7.3.4', '5.7.1' ],
26 silly audit   '@babel/generator': [ '7.22.9' ],
26 silly audit   '@babel/helper-annotate-as-pure': [ '7.22.5' ],
26 silly audit   '@babel/helper-builder-binary-assignment-operator-visitor': [ '7.22.5' ],
26 silly audit   '@babel/helper-compilation-targets': [ '7.22.9' ],
26 silly audit   'lru-cache': [ '5.1.1', '6.0.0' ],
26 silly audit   yallist: [ '3.1.1', '4.0.0' ],
26 silly audit   '@babel/helper-create-class-features-plugin': [ '7.22.9' ],
26 silly audit   '@babel/helper-create-regexp-features-plugin': [ '7.22.9' ],
26 silly audit   '@babel/helper-define-polyfill-provider': [ '0.4.2' ],
26 silly audit   '@babel/helper-environment-visitor': [ '7.22.5' ],
26 silly audit   '@babel/helper-function-name': [ '7.22.5' ],
26 silly audit   '@babel/helper-hoist-variables': [ '7.22.5' ],
26 silly audit   '@babel/helper-member-expression-to-functions': [ '7.22.5' ],
26 silly audit   '@babel/helper-module-imports': [ '7.22.5' ],
26 silly audit   '@babel/helper-module-transforms': [ '7.22.9' ],
26 silly audit   '@babel/helper-optimise-call-expression': [ '7.22.5' ],
26 silly audit   '@babel/helper-plugin-utils': [ '7.22.5' ],
26 silly audit   '@babel/helper-remap-async-to-generator': [ '7.22.9' ],
26 silly audit   '@babel/helper-replace-supers': [ '7.22.9' ],
26 silly audit   '@babel/helper-simple-access': [ '7.22.5' ],
26 silly audit   '@babel/helper-skip-transparent-expression-wrappers': [ '7.22.5' ],
26 silly audit   '@babel/helper-split-export-declaration': [ '7.22.6' ],
26 silly audit   '@babel/helper-string-parser': [ '7.22.5' ],
26 silly audit   '@babel/helper-validator-identifier': [ '7.22.5' ],
26 silly audit   '@babel/helper-validator-option': [ '7.22.5' ],
26 silly audit   '@babel/helper-wrap-function': [ '7.22.9' ],
26 silly audit   '@babel/helpers': [ '7.22.6' ],
26 silly audit   '@babel/highlight': [ '7.22.5' ],
26 silly audit   '@babel/node': [ '7.12.13' ],
26 silly audit   '@babel/parser': [ '7.22.7' ],
26 silly audit   '@babel/plugin-bugfix-safari-id-destructuring-collision-in-function-expression': [ '7.22.5' ],
26 silly audit   '@babel/plugin-bugfix-v8-spread-parameters-in-optional-chaining': [ '7.22.5' ],
26 silly audit   '@babel/plugin-proposal-private-property-in-object': [ '7.21.0-placeholder-for-preset-env.2' ],
26 silly audit   '@babel/plugin-proposal-unicode-property-regex': [ '7.18.6' ],
26 silly audit   '@babel/plugin-syntax-async-generators': [ '7.8.4' ],
26 silly audit   '@babel/plugin-syntax-bigint': [ '7.8.3' ],
26 silly audit   '@babel/plugin-syntax-class-properties': [ '7.12.1', '7.12.13' ],
26 silly audit   '@babel/plugin-syntax-class-static-block': [ '7.14.5' ],
26 silly audit   '@babel/plugin-syntax-dynamic-import': [ '7.8.3' ],
26 silly audit   '@babel/plugin-syntax-export-namespace-from': [ '7.8.3' ],
26 silly audit   '@babel/plugin-syntax-import-assertions': [ '7.22.5' ],
26 silly audit   '@babel/plugin-syntax-import-attributes': [ '7.22.5' ],
26 silly audit   '@babel/plugin-syntax-import-meta': [ '7.10.4' ],
26 silly audit   '@babel/plugin-syntax-json-strings': [ '7.8.3' ],
26 silly audit   '@babel/plugin-syntax-logical-assignment-operators': [ '7.10.4' ],
26 silly audit   '@babel/plugin-syntax-nullish-coalescing-operator': [ '7.8.3' ],
26 silly audit   '@babel/plugin-syntax-numeric-separator': [ '7.10.4' ],
26 silly audit   '@babel/plugin-syntax-object-rest-spread': [ '7.8.3' ],
26 silly audit   '@babel/plugin-syntax-optional-catch-binding': [ '7.8.3' ],
26 silly audit   '@babel/plugin-syntax-optional-chaining': [ '7.8.3' ],
26 silly audit   '@babel/plugin-syntax-private-property-in-object': [ '7.14.5' ],
26 silly audit   '@babel/plugin-syntax-top-level-await': [ '7.14.5' ],
26 silly audit   '@babel/plugin-syntax-unicode-sets-regex': [ '7.18.6' ],
26 silly audit   '@babel/plugin-transform-arrow-functions': [ '7.22.5' ],
26 silly audit   '@babel/plugin-transform-async-generator-functions': [ '7.22.7' ],
26 silly audit   '@babel/plugin-transform-async-to-generator': [ '7.22.5' ],
26 silly audit   '@babel/plugin-transform-block-scoped-functions': [ '7.22.5' ],
26 silly audit   '@babel/plugin-transform-block-scoping': [ '7.22.5' ],
26 silly audit   '@babel/plugin-transform-class-properties': [ '7.22.5' ],
26 silly audit   '@babel/plugin-transform-class-static-block': [ '7.22.5' ],
26 silly audit   '@babel/plugin-transform-classes': [ '7.22.6' ],
26 silly audit   '@babel/plugin-transform-computed-properties': [ '7.22.5' ],
26 silly audit   '@babel/plugin-transform-destructuring': [ '7.22.5' ],
26 silly audit   '@babel/plugin-transform-dotall-regex': [ '7.22.5' ],
26 silly audit   '@babel/plugin-transform-duplicate-keys': [ '7.22.5' ],
26 silly audit   '@babel/plugin-transform-dynamic-import': [ '7.22.5' ],
26 silly audit   '@babel/plugin-transform-exponentiation-operator': [ '7.22.5' ],
26 silly audit   '@babel/plugin-transform-export-namespace-from': [ '7.22.5' ],
26 silly audit   '@babel/plugin-transform-for-of': [ '7.22.5' ],
26 silly audit   '@babel/plugin-transform-function-name': [ '7.22.5' ],
26 silly audit   '@babel/plugin-transform-json-strings': [ '7.22.5' ],
26 silly audit   '@babel/plugin-transform-literals': [ '7.22.5' ],
26 silly audit   '@babel/plugin-transform-logical-assignment-operators': [ '7.22.5' ],
26 silly audit   '@babel/plugin-transform-member-expression-literals': [ '7.22.5' ],
26 silly audit   '@babel/plugin-transform-modules-amd': [ '7.22.5' ],
26 silly audit   '@babel/plugin-transform-modules-commonjs': [ '7.22.5' ],
26 silly audit   '@babel/plugin-transform-modules-systemjs': [ '7.22.5' ],
26 silly audit   '@babel/plugin-transform-modules-umd': [ '7.22.5' ],
26 silly audit   '@babel/plugin-transform-named-capturing-groups-regex': [ '7.22.5' ],
26 silly audit   '@babel/plugin-transform-new-target': [ '7.22.5' ],
26 silly audit   '@babel/plugin-transform-nullish-coalescing-operator': [ '7.22.5' ],
26 silly audit   '@babel/plugin-transform-numeric-separator': [ '7.22.5' ],
26 silly audit   '@babel/plugin-transform-object-rest-spread': [ '7.22.5' ],
26 silly audit   '@babel/plugin-transform-object-super': [ '7.22.5' ],
26 silly audit   '@babel/plugin-transform-optional-catch-binding': [ '7.22.5' ],
26 silly audit   '@babel/plugin-transform-optional-chaining': [ '7.22.6' ],
26 silly audit   '@babel/plugin-transform-parameters': [ '7.22.5' ],
26 silly audit   '@babel/plugin-transform-private-methods': [ '7.22.5' ],
26 silly audit   '@babel/plugin-transform-private-property-in-object': [ '7.22.5' ],
26 silly audit   '@babel/plugin-transform-property-literals': [ '7.22.5' ],
26 silly audit   '@babel/plugin-transform-regenerator': [ '7.22.5' ],
26 silly audit   '@babel/plugin-transform-reserved-words': [ '7.22.5' ],
26 silly audit   '@babel/plugin-transform-shorthand-properties': [ '7.22.5' ],
26 silly audit   '@babel/plugin-transform-spread': [ '7.22.5' ],
26 silly audit   '@babel/plugin-transform-sticky-regex': [ '7.22.5' ],
26 silly audit   '@babel/plugin-transform-template-literals': [ '7.22.5' ],
26 silly audit   '@babel/plugin-transform-typeof-symbol': [ '7.22.5' ],
26 silly audit   '@babel/plugin-transform-unicode-escapes': [ '7.22.5' ],
26 silly audit   '@babel/plugin-transform-unicode-property-regex': [ '7.22.5' ],
26 silly audit   '@babel/plugin-transform-unicode-regex': [ '7.22.5' ],
26 silly audit   '@babel/plugin-transform-unicode-sets-regex': [ '7.22.5' ],
26 silly audit   '@babel/preset-env': [ '7.22.9' ],
26 silly audit   '@babel/preset-modules': [ '0.1.6' ],
26 silly audit   '@babel/register': [ '7.12.13' ],
26 silly audit   '@babel/regjsgen': [ '0.8.0' ],
26 silly audit   '@babel/runtime': [ '7.22.6' ],
26 silly audit   '@babel/template': [ '7.22.5' ],
26 silly audit   '@babel/traverse': [ '7.22.8' ],
26 silly audit   '@babel/types': [ '7.22.5' ],
26 silly audit   '@bcoe/v8-coverage': [ '0.2.3' ],
26 silly audit   '@cnakazawa/watch': [ '1.0.4' ],
26 silly audit   '@istanbuljs/load-nyc-config': [ '1.1.0' ],
26 silly audit   'find-up': [ '4.1.0', '3.0.0' ],
26 silly audit   'locate-path': [ '5.0.0', '3.0.0' ],
26 silly audit   'p-locate': [ '4.1.0', '3.0.0' ],
26 silly audit   'path-exists': [ '4.0.0', '3.0.0' ],
26 silly audit   '@istanbuljs/schema': [ '0.1.2' ],
26 silly audit   '@jest/console': [ '26.6.2' ],
26 silly audit   'ansi-styles': [ '4.3.0', '3.2.1' ],
26 silly audit   chalk: [ '4.1.0', '2.4.2', '3.0.0' ],
26 silly audit   'color-convert': [ '2.0.1', '1.9.3' ],
26 silly audit   'color-name': [ '1.1.4', '1.1.3' ],
26 silly audit   'has-flag': [ '4.0.0', '3.0.0' ],
26 silly audit   slash: [ '3.0.0', '2.0.0' ],
26 silly audit   'supports-color': [ '7.2.0', '5.5.0' ],
26 silly audit   '@jest/core': [ '26.6.3' ],
26 silly audit   braces: [ '3.0.2', '2.3.2' ],
26 silly audit   'fill-range': [ '7.0.1', '4.0.0' ],
26 silly audit   'is-number': [ '7.0.0', '3.0.0' ],
26 silly audit   micromatch: [ '4.0.2', '3.1.10' ],
26 silly audit   'to-regex-range': [ '5.0.1', '2.1.1' ],
26 silly audit   '@jest/environment': [ '26.6.2' ],
26 silly audit   '@jest/fake-timers': [ '26.6.2' ],
26 silly audit   '@jest/globals': [ '26.6.2' ],
26 silly audit   '@jest/reporters': [ '26.6.2' ],
26 silly audit   'source-map': [ '0.6.1', '0.5.7', '0.7.3' ],
26 silly audit   '@jest/source-map': [ '26.6.2' ],
26 silly audit   '@jest/test-result': [ '26.6.2' ],
26 silly audit   '@jest/test-sequencer': [ '26.6.3' ],
26 silly audit   '@jest/transform': [ '26.6.2' ],
26 silly audit   '@jest/types': [ '26.6.2' ],
26 silly audit   '@jridgewell/gen-mapping': [ '0.3.3' ],
26 silly audit   '@jridgewell/resolve-uri': [ '3.1.0' ],
26 silly audit   '@jridgewell/set-array': [ '1.1.2' ],
26 silly audit   '@jridgewell/sourcemap-codec': [ '1.4.14' ],
26 silly audit   '@jridgewell/trace-mapping': [ '0.3.17' ],
26 silly audit   '@nicolo-ribaudo/chokidar-2': [ '2.1.8-no-fsevents.3' ],
26 silly audit   '@sinonjs/commons': [ '1.8.1' ],
26 silly audit   '@sinonjs/fake-timers': [ '6.0.1' ],
26 silly audit   '@tootallnate/once': [ '1.1.2' ],
26 silly audit   '@types/babel__core': [ '7.1.12' ],
26 silly audit   '@types/babel__generator': [ '7.6.2' ],
26 silly audit   '@types/babel__template': [ '7.4.0' ],
26 silly audit   '@types/babel__traverse': [ '7.0.15' ],
26 silly audit   '@types/graceful-fs': [ '4.1.4' ],
26 silly audit   '@types/istanbul-lib-coverage': [ '2.0.3' ],
26 silly audit   '@types/istanbul-lib-report': [ '3.0.0' ],
26 silly audit   '@types/istanbul-reports': [ '3.0.0' ],
26 silly audit   '@types/minimatch': [ '3.0.5' ],
26 silly audit   '@types/node': [ '14.14.5' ],
26 silly audit   '@types/normalize-package-data': [ '2.4.0' ],
26 silly audit   '@types/prettier': [ '2.1.5' ],
26 silly audit   '@types/stack-utils': [ '2.0.0' ],
26 silly audit   '@types/yargs': [ '15.0.9' ],
26 silly audit   '@types/yargs-parser': [ '15.0.0' ],
26 silly audit   abab: [ '2.0.5' ],
26 silly audit   acorn: [ '7.4.1', '8.8.1' ],
26 silly audit   'acorn-globals': [ '6.0.0' ],
26 silly audit   'acorn-walk': [ '7.2.0' ],
26 silly audit   'agent-base': [ '6.0.2' ],
26 silly audit   'ansi-escapes': [ '4.3.1' ],
26 silly audit   'type-fest': [ '0.11.0', '0.6.0', '0.8.1' ],
26 silly audit   'ansi-regex': [ '5.0.0' ],
26 silly audit   anymatch: [ '2.0.0', '3.1.1', '3.1.3' ],
26 silly audit   'normalize-path': [ '2.1.1', '3.0.0' ],
26 silly audit   argparse: [ '1.0.10' ],
26 silly audit   'arr-diff': [ '4.0.0' ],
26 silly audit   'arr-flatten': [ '1.1.0' ],
26 silly audit   'arr-union': [ '3.1.0' ],
26 silly audit   'array-differ': [ '3.0.0' ],
26 silly audit   'array-union': [ '2.1.0' ],
26 silly audit   'array-unique': [ '0.3.2' ],
26 silly audit   arrify: [ '2.0.1' ],
26 silly audit   'assign-symbols': [ '1.0.0' ],
26 silly audit   'ast-types': [ '0.9.6' ],
26 silly audit   asynckit: [ '0.4.0' ],
26 silly audit   atob: [ '2.1.2' ],
26 silly audit   'babel-jest': [ '26.6.3' ],
26 silly audit   fsevents: [ '2.2.1', '2.3.2' ],
26 silly audit   'jest-haste-map': [ '26.6.2' ],
26 silly audit   'jest-serializer': [ '26.6.2' ],
26 silly audit   'jest-util': [ '26.6.2' ],
26 silly audit   'jest-worker': [ '26.6.2' ],
26 silly audit   'babel-plugin-istanbul': [ '6.0.0' ],
26 silly audit   'babel-plugin-jest-hoist': [ '26.6.2' ],
26 silly audit   'babel-plugin-polyfill-corejs2': [ '0.4.5' ],
26 silly audit   'babel-plugin-polyfill-corejs3': [ '0.8.3' ],
26 silly audit   'babel-plugin-polyfill-regenerator': [ '0.5.2' ],
26 silly audit   'babel-preset-current-node-syntax': [ '1.0.0' ],
26 silly audit   'babel-preset-jest': [ '26.6.2' ],
26 silly audit   'balanced-match': [ '1.0.0' ],
26 silly audit   base: [ '0.11.2' ],
26 silly audit   'define-property': [ '1.0.0', '0.2.5', '2.0.2' ],
26 silly audit   'is-accessor-descriptor': [ '1.0.0', '0.1.6' ],
26 silly audit   'is-data-descriptor': [ '1.0.0', '0.1.4' ],
26 silly audit   'is-descriptor': [ '1.0.2', '0.1.6' ],
26 silly audit   'big.js': [ '5.2.2' ],
26 silly audit   'binary-extensions': [ '2.2.0' ],
26 silly audit   'brace-expansion': [ '1.1.11' ],
26 silly audit   'extend-shallow': [ '2.0.1', '3.0.2' ],
26 silly audit   'browser-process-hrtime': [ '1.0.0' ],
26 silly audit   browserslist: [ '4.21.10' ],
26 silly audit   bser: [ '2.1.1' ],
26 silly audit   'buffer-from': [ '1.1.1' ],
26 silly audit   'cache-base': [ '1.0.1' ],
26 silly audit   'call-bind': [ '1.0.2' ],
26 silly audit   callsites: [ '3.1.0' ],
26 silly audit   'camel-case': [ '3.0.0' ],
26 silly audit   camelcase: [ '5.3.1', '6.2.0' ],
26 silly audit   'caniuse-lite': [ '1.0.30001519' ],
26 silly audit   'capture-exit': [ '2.0.0' ],
26 silly audit   'char-regex': [ '1.0.2' ],
26 silly audit   chokidar: [ '3.5.3' ],
26 silly audit   'ci-info': [ '2.0.0' ],
26 silly audit   'cjs-module-lexer': [ '0.6.0' ],
26 silly audit   'class-utils': [ '0.3.6' ],
26 silly audit   'clean-css': [ '4.2.3' ],
26 silly audit   cliui: [ '6.0.0', '7.0.4' ],
26 silly audit   co: [ '4.6.0' ],
26 silly audit   'collect-v8-coverage': [ '1.0.1' ],
26 silly audit   'collection-visit': [ '1.0.0' ],
26 silly audit   'combined-stream': [ '1.0.8' ],
26 silly audit   commander: [ '4.1.1', '2.17.1', '2.19.0' ],
26 silly audit   commondir: [ '1.0.1' ],
26 silly audit   'component-emitter': [ '1.3.0' ],
26 silly audit   'concat-map': [ '0.0.1' ],
26 silly audit   'convert-source-map': [ '1.7.0' ],
26 silly audit   'copy-descriptor': [ '0.1.1' ],
26 silly audit   copyfiles: [ '2.4.1' ],
26 silly audit   'wrap-ansi': [ '7.0.0', '6.2.0' ],
26 silly audit   yargs: [ '16.2.0', '15.4.1' ],
26 silly audit   'yargs-parser': [ '20.2.4', '18.1.3' ],
26 silly audit   'core-js': [ '3.8.3' ],
26 silly audit   'core-js-compat': [ '3.32.0' ],
26 silly audit   'core-util-is': [ '1.0.2' ],
26 silly audit   'cross-spawn': [ '6.0.5', '7.0.3' ],
26 silly audit   cssom: [ '0.4.4', '0.3.8' ],
26 silly audit   cssstyle: [ '2.3.0' ],
26 silly audit   'data-urls': [ '2.0.0' ],
26 silly audit   decamelize: [ '1.2.0' ],
26 silly audit   'decimal.js': [ '10.2.1' ],
26 silly audit   'decode-uri-component': [ '0.2.2' ],
26 silly audit   'deep-is': [ '0.1.3' ],
26 silly audit   deepmerge: [ '4.2.2' ],
26 silly audit   'define-properties': [ '1.1.3' ],
26 silly audit   'delayed-stream': [ '1.0.0' ],
26 silly audit   'detect-newline': [ '3.1.0' ],
26 silly audit   'diff-sequences': [ '26.6.2' ],
26 silly audit   domexception: [ '2.0.1' ],
26 silly audit   'webidl-conversions': [ '5.0.0', '6.1.0' ],
26 silly audit   'electron-to-chromium': [ '1.4.485' ],
26 silly audit   emittery: [ '0.7.2' ],
26 silly audit   'emoji-regex': [ '8.0.0' ],
26 silly audit   'emojis-list': [ '3.0.0' ],
26 silly audit   'end-of-stream': [ '1.4.4' ],
26 silly audit   'error-ex': [ '1.3.2' ],
26 silly audit   'es-abstract': [ '1.18.0-next.2' ],
26 silly audit   'is-negative-zero': [ '2.0.1' ],
26 silly audit   'object-inspect': [ '1.9.0' ],
26 silly audit   'object.assign': [ '4.1.2' ],
26 silly audit   'string.prototype.trimend': [ '1.0.3' ],
26 silly audit   'string.prototype.trimstart': [ '1.0.3' ],
26 silly audit   'es-to-primitive': [ '1.2.1' ],
26 silly audit   'es6-templates': [ '0.2.3' ],
26 silly audit   escalade: [ '3.1.1' ],
26 silly audit   'escape-string-regexp': [ '1.0.5', '2.0.0' ],
26 silly audit   esprima: [ '4.0.1', '3.1.3' ],
26 silly audit   esutils: [ '2.0.3' ],
26 silly audit   'exec-sh': [ '0.3.4', '0.2.2' ],
26 silly audit   execa: [ '1.0.0', '4.1.0' ],
26 silly audit   exit: [ '0.1.2' ],
26 silly audit   'expand-brackets': [ '2.1.4' ],
26 silly audit   expect: [ '26.6.2' ],
26 silly audit   'is-extendable': [ '1.0.1', '0.1.1' ],
26 silly audit   extglob: [ '2.0.4' ],
26 silly audit   'fast-json-stable-stringify': [ '2.1.0' ],
26 silly audit   'fast-levenshtein': [ '2.0.6' ],
26 silly audit   fastparse: [ '1.1.2' ],
26 silly audit   'fb-watchman': [ '2.0.1' ],
26 silly audit   'find-cache-dir': [ '2.1.0' ],
26 silly audit   'for-in': [ '1.0.2' ],
26 silly audit   'fragment-cache': [ '0.2.1' ],
26 silly audit   fs: [ '0.0.1-security' ],
26 silly audit   'fs-readdir-recursive': [ '1.1.0' ],
26 silly audit   'fs.realpath': [ '1.0.0' ],
26 silly audit   'function-bind': [ '1.1.1' ],
26 silly audit   gensync: [ '1.0.0-beta.2' ],
26 silly audit   'get-caller-file': [ '2.0.5' ],
26 silly audit   'get-intrinsic': [ '1.1.1' ],
26 silly audit   'get-package-type': [ '0.1.0' ],
26 silly audit   'get-stream': [ '4.1.0', '5.2.0' ],
26 silly audit   'get-value': [ '2.0.6' ],
26 silly audit   'glob-parent': [ '5.1.2' ],
26 silly audit   globals: [ '11.12.0' ],
26 silly audit   'graceful-fs': [ '4.2.4' ],
26 silly audit   growly: [ '1.3.0' ],
26 silly audit   has: [ '1.0.3' ],
26 silly audit   'has-symbols': [ '1.0.1' ],
26 silly audit   'has-value': [ '1.0.0', '0.3.1' ],
26 silly audit   'has-values': [ '1.0.0', '0.1.4' ],
26 silly audit   'kind-of': [ '4.0.0', '3.2.2', '5.1.0', '6.0.3' ],
26 silly audit   he: [ '1.2.0' ],
26 silly audit   'homedir-polyfill': [ '1.0.3' ],
26 silly audit   'hosted-git-info': [ '2.8.8' ],
26 silly audit   'html-encoding-sniffer': [ '2.0.1' ],
26 silly audit   'html-escaper': [ '2.0.2' ],
26 silly audit   'html-loader': [ '0.5.5' ],
26 silly audit   'html-minifier': [ '3.5.21' ],
26 silly audit   'http-proxy-agent': [ '4.0.1' ],
26 silly audit   'https-proxy-agent': [ '5.0.1' ],
26 silly audit   'human-signals': [ '1.1.1' ],
26 silly audit   husky: [ '8.0.3' ],
26 silly audit   'iconv-lite': [ '0.4.24' ],
26 silly audit   ignore: [ '5.2.4' ],
26 silly audit   'import-local': [ '3.0.2' ],
26 silly audit   'pkg-dir': [ '4.2.0', '3.0.0' ],
26 silly audit   imurmurhash: [ '0.1.4' ],
26 silly audit   inflight: [ '1.0.6' ],
26 silly audit   inherits: [ '2.0.4', '2.0.3' ],
26 silly audit   'is-arrayish': [ '0.2.1' ],
26 silly audit   'is-binary-path': [ '2.1.0' ],
26 silly audit   'is-buffer': [ '1.1.6' ],
26 silly audit   'is-callable': [ '1.2.2' ],
26 silly audit   'is-ci': [ '2.0.0' ],
26 silly audit   'is-core-module': [ '2.0.0' ],
26 silly audit   'is-date-object': [ '1.0.2' ],
26 silly audit   'is-docker': [ '2.1.1' ],
26 silly audit   'is-extglob': [ '2.1.1' ],
26 silly audit   'is-fullwidth-code-point': [ '3.0.0' ],
26 silly audit   'is-generator-fn': [ '2.1.0' ],
26 silly audit   'is-glob': [ '4.0.3' ],
26 silly audit   'is-plain-object': [ '2.0.4' ],
26 silly audit   'is-regex': [ '1.1.1' ],
26 silly audit   'is-stream': [ '1.1.0', '2.0.0', '2.0.1' ],
26 silly audit   'is-symbol': [ '1.0.3' ],
26 silly audit   'is-typedarray': [ '1.0.0' ],
26 silly audit   'is-windows': [ '1.0.2' ],
26 silly audit   'is-wsl': [ '2.2.0' ],
26 silly audit   isarray: [ '1.0.0', '0.0.1' ],
26 silly audit   isexe: [ '2.0.0' ],
26 silly audit   isobject: [ '3.0.1', '2.1.0' ],
26 silly audit   'istanbul-lib-coverage': [ '3.0.0' ],
26 silly audit   'istanbul-lib-instrument': [ '4.0.3' ],
26 silly audit   'istanbul-lib-report': [ '3.0.0' ],
26 silly audit   'make-dir': [ '3.1.0', '2.1.0' ],
26 silly audit   'istanbul-lib-source-maps': [ '4.0.0' ],
26 silly audit   'istanbul-reports': [ '3.0.2' ],
26 silly audit   jest: [ '26.6.3' ],
26 silly audit   'jest-changed-files': [ '26.6.2' ],
26 silly audit   'npm-run-path': [ '4.0.1', '2.0.2' ],
26 silly audit   'path-key': [ '3.1.1', '2.0.1' ],
26 silly audit   'shebang-command': [ '2.0.0', '1.2.0' ],
26 silly audit   'shebang-regex': [ '3.0.0', '1.0.0' ],
26 silly audit   which: [ '2.0.2', '1.3.1' ],
26 silly audit   'jest-config': [ '26.6.3' ],
26 silly audit   'jest-diff': [ '26.6.2' ],
26 silly audit   'jest-docblock': [ '26.0.0' ],
26 silly audit   'jest-each': [ '26.6.2' ],
26 silly audit   'jest-environment-jsdom': [ '26.6.2' ],
26 silly audit   'jest-environment-node': [ '26.6.2' ],
26 silly audit   'jest-get-type': [ '26.3.0' ],
26 silly audit   'jest-jasmine2': [ '26.6.3' ],
26 silly audit   'jest-leak-detector': [ '26.6.2' ],
26 silly audit   'jest-matcher-utils': [ '26.6.2' ],
26 silly audit   'jest-message-util': [ '26.6.2' ],
26 silly audit   'jest-mock': [ '26.6.2' ],
26 silly audit   'jest-pnp-resolver': [ '1.2.2' ],
26 silly audit   'jest-regex-util': [ '26.0.0' ],
26 silly audit   'jest-resolve': [ '26.6.2' ],
26 silly audit   'jest-resolve-dependencies': [ '26.6.3' ],
26 silly audit   'jest-runner': [ '26.6.3' ],
26 silly audit   'jest-runtime': [ '26.6.3' ],
26 silly audit   'jest-snapshot': [ '26.6.2' ],
26 silly audit   'jest-validate': [ '26.6.2' ],
26 silly audit   'jest-watcher': [ '26.6.2' ],
26 silly audit   'jest-cli': [ '26.6.3' ],
26 silly audit   'js-tokens': [ '4.0.0' ],
26 silly audit   'js-yaml': [ '3.14.0' ],
26 silly audit   jsdom: [ '16.7.0' ],
26 silly audit   escodegen: [ '2.0.0' ],
26 silly audit   estraverse: [ '5.3.0' ],
26 silly audit   'form-data': [ '3.0.1' ],
26 silly audit   'is-potential-custom-element-name': [ '1.0.1' ],
26 silly audit   parse5: [ '6.0.1' ],
26 silly audit   'tough-cookie': [ '4.1.2' ],
26 silly audit   tr46: [ '2.1.0', '2.0.2' ],
26 silly audit   'whatwg-url': [ '8.7.0', '8.4.0' ],
26 silly audit   jsesc: [ '2.5.2', '0.5.0' ],
26 silly audit   'json-parse-even-better-errors': [ '2.3.1' ],
26 silly audit   json5: [ '2.2.3', '1.0.2' ],
26 silly audit   kleur: [ '3.0.3' ],
26 silly audit   leven: [ '3.1.0' ],
26 silly audit   levn: [ '0.3.0' ],
26 silly audit   'lines-and-columns': [ '1.1.6' ],
26 silly audit   'loader-utils': [ '1.4.2' ],
26 silly audit   lodash: [ '4.17.21' ],
26 silly audit   'lodash.debounce': [ '4.0.8' ],
26 silly audit   'lodash.sortby': [ '4.7.0' ],
26 silly audit   'lower-case': [ '1.1.4' ],
26 silly audit   makeerror: [ '1.0.11' ],
26 silly audit   'map-cache': [ '0.2.2' ],
26 silly audit   'map-visit': [ '1.0.0' ],
26 silly audit   'markdown-loader': [ '2.0.2' ],
26 silly audit   'markdown-loader-jest': [ '0.1.1' ],
26 silly audit   marked: [ '0.3.19', '9.0.3' ],
26 silly audit   merge: [ '1.2.1' ],
26 silly audit   'merge-md': [ '1.0.3' ],
26 silly audit   'merge-stream': [ '2.0.0' ],
26 silly audit   'mime-db': [ '1.44.0' ],
26 silly audit   'mime-types': [ '2.1.27' ],
26 silly audit   'mimic-fn': [ '2.1.0' ],
26 silly audit   minimist: [ '1.2.6' ],
26 silly audit   'mixin-deep': [ '1.3.2' ],
26 silly audit   mkdirp: [ '1.0.4' ],
26 silly audit   mri: [ '1.2.0' ],
26 silly audit   multimatch: [ '4.0.0' ],
26 silly audit   nanomatch: [ '1.2.13' ],
26 silly audit   'natural-compare': [ '1.4.0' ],
26 silly audit   'nice-try': [ '1.0.5' ],
26 silly audit   'no-case': [ '2.3.2' ],
26 silly audit   'node-environment-flags': [ '1.0.6' ],
26 silly audit   'node-int64': [ '0.4.0' ],
26 silly audit   'node-modules-regexp': [ '1.0.0' ],
26 silly audit   'node-notifier': [ '8.0.1' ],
26 silly audit   'node-releases': [ '2.0.13' ],
26 silly audit   noms: [ '0.0.0' ],
26 silly audit   'readable-stream': [ '1.0.34', '2.3.7' ],
26 silly audit   string_decoder: [ '0.10.31', '1.1.1' ],
26 silly audit   'normalize-package-data': [ '2.5.0' ],
26 silly audit   nwsapi: [ '2.2.0' ],
26 silly audit   'object-assign': [ '4.1.1' ],
26 silly audit   'object-copy': [ '0.1.0' ],
26 silly audit   'object-keys': [ '1.1.1' ],
26 silly audit   'object-visit': [ '1.0.1' ],
26 silly audit   'object.getownpropertydescriptors': [ '2.1.1' ],
26 silly audit   'object.pick': [ '1.3.0' ],
26 silly audit   once: [ '1.4.0' ],
26 silly audit   onetime: [ '5.1.2' ],
26 silly audit   optionator: [ '0.8.3' ],
26 silly audit   'p-each-series': [ '2.1.0' ],
26 silly audit   'p-finally': [ '1.0.0' ],
26 silly audit   'p-limit': [ '2.3.0' ],
26 silly audit   'p-try': [ '2.2.0' ],
26 silly audit   'param-case': [ '2.1.1' ],
26 silly audit   'parse-json': [ '5.1.0' ],
26 silly audit   'parse-passwd': [ '1.0.0' ],
26 silly audit   pascalcase: [ '0.1.1' ],
26 silly audit   path: [ '0.12.7' ],
26 silly audit   'path-is-absolute': [ '1.0.1' ],
26 silly audit   'path-parse': [ '1.0.6' ],
26 silly audit   picocolors: [ '1.0.0' ],
26 silly audit   picomatch: [ '2.2.2' ],
26 silly audit   pify: [ '4.0.1' ],
26 silly audit   pirates: [ '4.0.1' ],
26 silly audit   'posix-character-classes': [ '0.1.1' ],
26 silly audit   'prelude-ls': [ '1.1.2' ],
26 silly audit   prettier: [ '3.0.3' ],
26 silly audit   'pretty-format': [ '26.6.2' ],
26 silly audit   'pretty-quick': [ '3.1.3' ],
26 silly audit   private: [ '0.1.8' ],
26 silly audit   process: [ '0.11.10' ],
26 silly audit   'process-nextick-args': [ '2.0.1' ],
26 silly audit   prompts: [ '2.4.0' ],
26 silly audit   psl: [ '1.8.0' ],
26 silly audit   pump: [ '3.0.0' ],
26 silly audit   punycode: [ '2.1.1' ],
26 silly audit   querystringify: [ '2.2.0' ],
26 silly audit   'react-is': [ '17.0.1' ],
26 silly audit   'read-pkg': [ '5.2.0' ],
26 silly audit   'read-pkg-up': [ '7.0.1' ],
26 silly audit   readdirp: [ '3.6.0' ],
26 silly audit   recast: [ '0.11.23' ],
26 silly audit   regenerate: [ '1.4.2' ],
26 silly audit   'regenerate-unicode-properties': [ '10.1.0' ],
26 silly audit   'regenerator-runtime': [ '0.13.11' ],
26 silly audit   'regenerator-transform': [ '0.15.1' ],
26 silly audit   'regex-not': [ '1.0.2' ],
26 silly audit   'regexpu-core': [ '5.3.2' ],
26 silly audit   regjsparser: [ '0.9.1' ],
26 silly audit   relateurl: [ '0.2.7' ],
26 silly audit   'remove-trailing-separator': [ '1.1.0' ],
26 silly audit   'repeat-element': [ '1.1.3' ],
26 silly audit   'repeat-string': [ '1.6.1' ],
26 silly audit   'require-directory': [ '2.1.1' ],
26 silly audit   'require-main-filename': [ '2.0.0' ],
26 silly audit   'requires-port': [ '1.0.0' ],
26 silly audit   resolve: [ '1.18.1' ],
26 silly audit   'resolve-cwd': [ '3.0.0' ],
26 silly audit   'resolve-from': [ '5.0.0' ],
26 silly audit   'resolve-url': [ '0.2.1' ],
26 silly audit   ret: [ '0.1.15' ],
26 silly audit   rimraf: [ '3.0.2' ],
26 silly audit   rsvp: [ '4.8.5' ],
26 silly audit   'safe-buffer': [ '5.1.2' ],
26 silly audit   'safe-regex': [ '1.1.0' ],
26 silly audit   'safer-buffer': [ '2.1.2' ],
26 silly audit   sane: [ '4.1.0' ],
26 silly audit   saxes: [ '5.0.1' ],
26 silly audit   'set-blocking': [ '2.0.0' ],
26 silly audit   'set-value': [ '2.0.1' ],
26 silly audit   shellwords: [ '0.1.1' ],
26 silly audit   'signal-exit': [ '3.0.3' ],
26 silly audit   sisteransi: [ '1.0.5' ],
26 silly audit   snapdragon: [ '0.8.2' ],
26 silly audit   'snapdragon-node': [ '2.1.1' ],
26 silly audit   'snapdragon-util': [ '3.0.1' ],
26 silly audit   'source-map-resolve': [ '0.5.3' ],
26 silly audit   'source-map-support': [ '0.5.19' ],
26 silly audit   'source-map-url': [ '0.4.0' ],
26 silly audit   'spdx-correct': [ '3.1.1' ],
26 silly audit   'spdx-exceptions': [ '2.3.0' ],
26 silly audit   'spdx-expression-parse': [ '3.0.1' ],
26 silly audit   'spdx-license-ids': [ '3.0.6' ],
26 silly audit   'split-string': [ '3.1.0' ],
26 silly audit   'sprintf-js': [ '1.0.3' ],
26 silly audit   'stack-utils': [ '2.0.3' ],
26 silly audit   'static-extend': [ '0.1.2' ],
26 silly audit   'string-length': [ '4.0.1' ],
26 silly audit   'string-width': [ '4.2.0' ],
26 silly audit   'strip-ansi': [ '6.0.0' ],
26 silly audit   'strip-bom': [ '4.0.0' ],
26 silly audit   'strip-eof': [ '1.0.0' ],
26 silly audit   'strip-final-newline': [ '2.0.0' ],
26 silly audit   'supports-hyperlinks': [ '2.1.0' ],
26 silly audit   'symbol-tree': [ '3.2.4' ],
26 silly audit   'terminal-link': [ '2.1.1' ],
26 silly audit   'test-exclude': [ '6.0.0' ],
26 silly audit   throat: [ '5.0.0' ],
26 silly audit   through: [ '2.3.8' ],
26 silly audit   through2: [ '2.0.5' ],
26 silly audit   tmpl: [ '1.0.4' ],
26 silly audit   'to-fast-properties': [ '2.0.0' ],
26 silly audit   'to-object-path': [ '0.3.0' ],
26 silly audit   'to-regex': [ '3.0.2' ],
26 silly audit   'type-check': [ '0.3.2' ],
26 silly audit   'type-detect': [ '4.0.8' ],
26 silly audit   'typedarray-to-buffer': [ '3.1.5' ],
26 silly audit   'uglify-js': [ '3.4.10' ],
26 silly audit   'unicode-canonical-property-names-ecmascript': [ '2.0.0' ],
26 silly audit   'unicode-match-property-ecmascript': [ '2.0.0' ],
26 silly audit   'unicode-match-property-value-ecmascript': [ '2.1.0' ],
26 silly audit   'unicode-property-aliases-ecmascript': [ '2.1.0' ],
26 silly audit   'union-value': [ '1.0.1' ],
26 silly audit   universalify: [ '0.2.0' ],
26 silly audit   'unset-value': [ '1.0.0' ],
26 silly audit   untildify: [ '4.0.0' ],
26 silly audit   'update-browserslist-db': [ '1.0.11' ],
26 silly audit   'upper-case': [ '1.1.3' ],
26 silly audit   urix: [ '0.1.0' ],
26 silly audit   'url-parse': [ '1.5.10' ],
26 silly audit   use: [ '3.1.1' ],
26 silly audit   util: [ '0.10.4' ],
26 silly audit   'util-deprecate': [ '1.0.2' ],
26 silly audit   uuid: [ '8.3.1' ],
26 silly audit   'v8-to-istanbul': [ '7.0.0' ],
26 silly audit   v8flags: [ '3.2.0' ],
26 silly audit   'validate-npm-package-license': [ '3.0.4' ],
26 silly audit   'w3c-hr-time': [ '1.0.2' ],
26 silly audit   'w3c-xmlserializer': [ '2.0.0' ],
26 silly audit   walker: [ '1.0.7' ],
26 silly audit   watch: [ '1.0.2' ],
26 silly audit   'whatwg-encoding': [ '1.0.5' ],
26 silly audit   'whatwg-mimetype': [ '2.3.0' ],
26 silly audit   'which-module': [ '2.0.0' ],
26 silly audit   'word-wrap': [ '1.2.3' ],
26 silly audit   wrappy: [ '1.0.2' ],
26 silly audit   'write-file-atomic': [ '3.0.3' ],
26 silly audit   ws: [ '7.5.9' ],
26 silly audit   'xml-name-validator': [ '3.0.0' ],
26 silly audit   xmlchars: [ '2.2.0' ],
26 silly audit   xtend: [ '4.0.2' ],
26 silly audit   y18n: [ '5.0.8', '4.0.3' ],
26 silly audit   playwright: [ '1.56.1' ],
26 silly audit   'playwright-core': [ '1.56.1' ]
26 silly audit }
27 silly tarball no local data for playwright-core@https://registry.npmjs.org/playwright-core/-/playwright-core-1.56.1.tgz. Extracting by manifest.
28 silly tarball no local data for playwright@https://registry.npmjs.org/playwright/-/playwright-1.56.1.tgz. Extracting by manifest.
29 http fetch GET 200 https://registry.npmjs.org/playwright-core/-/playwright-core-1.56.1.tgz 121ms (cache miss)
30 http fetch POST 200 https://registry.npmjs.org/-/npm/v1/security/advisories/bulk 211ms
31 silly audit report {
31 silly audit report   debug: [
31 silly audit report     {
31 silly audit report       id: 1096792,
31 silly audit report       url: 'https://github.com/advisories/GHSA-gxpj-cx7g-858c',
31 silly audit report       title: 'Regular Expression Denial of Service in debug',
31 silly audit report       severity: 'low',
31 silly audit report       vulnerable_versions: '>=4.0.0 <4.3.1',
31 silly audit report       cwe: [Array],
31 silly audit report       cvss: [Object]
31 silly audit report     }
31 silly audit report   ],
31 silly audit report   semver: [
31 silly audit report     {
31 silly audit report       id: 1101088,
31 silly audit report       url: 'https://github.com/advisories/GHSA-c2qf-rxjj-qqgw',
31 silly audit report       title: 'semver vulnerable to Regular Expression Denial of Service',
31 silly audit report       severity: 'high',
31 silly audit report       vulnerable_versions: '>=7.0.0 <7.5.2',
31 silly audit report       cwe: [Array],
31 silly audit report       cvss: [Object]
31 silly audit report     },
31 silly audit report     {
31 silly audit report       id: 1101089,
31 silly audit report       url: 'https://github.com/advisories/GHSA-c2qf-rxjj-qqgw',
31 silly audit report       title: 'semver vulnerable to Regular Expression Denial of Service',
31 silly audit report       severity: 'high',
31 silly audit report       vulnerable_versions: '<5.7.2',
31 silly audit report       cwe: [Array],
31 silly audit report       cvss: [Object]
31 silly audit report     },
31 silly audit report     {
31 silly audit report       id: 1101090,
31 silly audit report       url: 'https://github.com/advisories/GHSA-c2qf-rxjj-qqgw',
31 silly audit report       title: 'semver vulnerable to Regular Expression Denial of Service',
31 silly audit report       severity: 'high',
31 silly audit report       vulnerable_versions: '>=6.0.0 <6.3.1',
31 silly audit report       cwe: [Array],
31 silly audit report       cvss: [Object]
31 silly audit report     }
31 silly audit report   ],
31 silly audit report   '@babel/helpers': [
31 silly audit report     {
31 silly audit report       id: 1104001,
31 silly audit report       url: 'https://github.com/advisories/GHSA-968p-4wvh-cqc8',
31 silly audit report       title: 'Babel has inefficient RegExp complexity in generated code with .replace when transpiling named capturing groups',
31 silly audit report       severity: 'moderate',
31 silly audit report       vulnerable_versions: '<7.26.10',
31 silly audit report       cwe: [Array],
31 silly audit report       cvss: [Object]
31 silly audit report     }
31 silly audit report   ],
31 silly audit report   '@babel/runtime': [
31 silly audit report     {
31 silly audit report       id: 1104000,
31 silly audit report       url: 'https://github.com/advisories/GHSA-968p-4wvh-cqc8',
31 silly audit report       title: 'Babel has inefficient RegExp complexity in generated code with .replace when transpiling named capturing groups',
31 silly audit report       severity: 'moderate',
31 silly audit report       vulnerable_versions: '<7.26.10',
31 silly audit report       cwe: [Array],
31 silly audit report       cvss: [Object]
31 silly audit report     }
31 silly audit report   ],
31 silly audit report   '@babel/traverse': [
31 silly audit report     {
31 silly audit report       id: 1096886,
31 silly audit report       url: 'https://github.com/advisories/GHSA-67hx-6x53-jw92',
31 silly audit report       title: 'Babel vulnerable to arbitrary code execution when compiling specifically crafted malicious code',
31 silly audit report       severity: 'critical',
31 silly audit report       vulnerable_versions: '<7.23.2',
31 silly audit report       cwe: [Array],
31 silly audit report       cvss: [Object]
31 silly audit report     }
31 silly audit report   ],
31 silly audit report   braces: [
31 silly audit report     {
31 silly audit report       id: 1098094,
31 silly audit report       url: 'https://github.com/advisories/GHSA-grv7-fg5c-xmjg',
31 silly audit report       title: 'Uncontrolled resource consumption in braces',
31 silly audit report       severity: 'high',
31 silly audit report       vulnerable_versions: '<3.0.3',
31 silly audit report       cwe: [Array],
31 silly audit report       cvss: [Object]
31 silly audit report     }
31 silly audit report   ],
31 silly audit report   micromatch: [
31 silly audit report     {
31 silly audit report       id: 1098681,
31 silly audit report       url: 'https://github.com/advisories/GHSA-952p-6rrq-rcjv',
31 silly audit report       title: 'Regular Expression Denial of Service (ReDoS) in micromatch',
31 silly audit report       severity: 'moderate',
31 silly audit report       vulnerable_versions: '<4.0.8',
31 silly audit report       cwe: [Array],
31 silly audit report       cvss: [Object]
31 silly audit report     }
31 silly audit report   ],
31 silly audit report   'ansi-regex': [
31 silly audit report     {
31 silly audit report       id: 1094092,
31 silly audit report       url: 'https://github.com/advisories/GHSA-93q8-gq69-wqmw',
31 silly audit report       title: 'Inefficient Regular Expression Complexity in chalk/ansi-regex',
31 silly audit report       severity: 'high',
31 silly audit report       vulnerable_versions: '>=5.0.0 <5.0.1',
31 silly audit report       cwe: [Array],
31 silly audit report       cvss: [Object]
31 silly audit report     }
31 silly audit report   ],
31 silly audit report   'brace-expansion': [
31 silly audit report     {
31 silly audit report       id: 1105443,
31 silly audit report       url: 'https://github.com/advisories/GHSA-v6h2-p8h4-qcjw',
31 silly audit report       title: 'brace-expansion Regular Expression Denial of Service vulnerability',
31 silly audit report       severity: 'low',
31 silly audit report       vulnerable_versions: '>=1.0.0 <=1.1.11',
31 silly audit report       cwe: [Array],
31 silly audit report       cvss: [Object]
31 silly audit report     }
31 silly audit report   ],
31 silly audit report   'cross-spawn': [
31 silly audit report     {
31 silly audit report       id: 1104663,
31 silly audit report       url: 'https://github.com/advisories/GHSA-3xgq-45jj-v275',
31 silly audit report       title: 'Regular Expression Denial of Service (ReDoS) in cross-spawn',
31 silly audit report       severity: 'high',
31 silly audit report       vulnerable_versions: '<6.0.6',
31 silly audit report       cwe: [Array],
31 silly audit report       cvss: [Object]
31 silly audit report     },
31 silly audit report     {
31 silly audit report       id: 1104664,
31 silly audit report       url: 'https://github.com/advisories/GHSA-3xgq-45jj-v275',
31 silly audit report       title: 'Regular Expression Denial of Service (ReDoS) in cross-spawn',
31 silly audit report       severity: 'high',
31 silly audit report       vulnerable_versions: '>=7.0.0 <7.0.5',
31 silly audit report       cwe: [Array],
31 silly audit report       cvss: [Object]
31 silly audit report     }
31 silly audit report   ],
31 silly audit report   'hosted-git-info': [
31 silly audit report     {
31 silly audit report       id: 1089809,
31 silly audit report       url: 'https://github.com/advisories/GHSA-43f8-2h32-f4cj',
31 silly audit report       title: 'Regular Expression Denial of Service in hosted-git-info',
31 silly audit report       severity: 'moderate',
31 silly audit report       vulnerable_versions: '<2.8.9',
31 silly audit report       cwe: [Array],
31 silly audit report       cvss: [Object]
31 silly audit report     }
31 silly audit report   ],
31 silly audit report   'html-minifier': [
31 silly audit report     {
31 silly audit report       id: 1105440,
31 silly audit report       url: 'https://github.com/advisories/GHSA-pfq8-rq6v-vf5m',
31 silly audit report       title: 'kangax html-minifier REDoS vulnerability',
31 silly audit report       severity: 'high',
31 silly audit report       vulnerable_versions: '<=4.0.0',
31 silly audit report       cwe: [Array],
31 silly audit report       cvss: [Object]
31 silly audit report     }
31 silly audit report   ],
31 silly audit report   'form-data': [
31 silly audit report     {
31 silly audit report       id: 1106508,
31 silly audit report       url: 'https://github.com/advisories/GHSA-fjxv-7rqg-78g4',
31 silly audit report       title: 'form-data uses unsafe random function in form-data for choosing boundary',
31 silly audit report       severity: 'critical',
31 silly audit report       vulnerable_versions: '>=3.0.0 <3.0.4',
31 silly audit report       cwe: [Array],
31 silly audit report       cvss: [Object]
31 silly audit report     }
31 silly audit report   ],
31 silly audit report   'tough-cookie': [
31 silly audit report     {
31 silly audit report       id: 1097682,
31 silly audit report       url: 'https://github.com/advisories/GHSA-72xf-g2v4-qvf3',
31 silly audit report       title: 'tough-cookie Prototype Pollution vulnerability',
31 silly audit report       severity: 'moderate',
31 silly audit report       vulnerable_versions: '<4.1.3',
31 silly audit report       cwe: [Array],
31 silly audit report       cvss: [Object]
31 silly audit report     }
31 silly audit report   ],
31 silly audit report   marked: [
31 silly audit report     {
31 silly audit report       id: 1088022,
31 silly audit report       url: 'https://github.com/advisories/GHSA-xf5p-87ch-gxw2',
31 silly audit report       title: 'Marked ReDoS due to email addresses being evaluated in quadratic time',
31 silly audit report       severity: 'moderate',
31 silly audit report       vulnerable_versions: '>=0.3.14 <0.6.2',
31 silly audit report       cwe: [Array],
31 silly audit report       cvss: [Object]
31 silly audit report     },
31 silly audit report     {
31 silly audit report       id: 1095051,
31 silly audit report       url: 'https://github.com/advisories/GHSA-rrrm-qjm4-v8hf',
31 silly audit report       title: 'Inefficient Regular Expression Complexity in marked',
31 silly audit report       severity: 'high',
31 silly audit report       vulnerable_versions: '<4.0.10',
31 silly audit report       cwe: [Array],
31 silly audit report       cvss: [Object]
31 silly audit report     },
31 silly audit report     {
31 silly audit report       id: 1095052,
31 silly audit report       url: 'https://github.com/advisories/GHSA-5v2h-r2cx-5xgj',
31 silly audit report       title: 'Inefficient Regular Expression Complexity in marked',
31 silly audit report       severity: 'high',
31 silly audit report       vulnerable_versions: '<4.0.10',
31 silly audit report       cwe: [Array],
31 silly audit report       cvss: [Object]
31 silly audit report     }
31 silly audit report   ],
31 silly audit report   merge: [
31 silly audit report     {
31 silly audit report       id: 1096479,
31 silly audit report       url: 'https://github.com/advisories/GHSA-7wpw-2hjm-89gp',
31 silly audit report       title: 'Prototype Pollution in merge',
31 silly audit report       severity: 'high',
31 silly audit report       vulnerable_versions: '<2.1.1',
31 silly audit report       cwe: [Array],
31 silly audit report       cvss: [Object]
31 silly audit report     }
31 silly audit report   ],
31 silly audit report   'path-parse': [
31 silly audit report     {
31 silly audit report       id: 1089681,
31 silly audit report       url: 'https://github.com/advisories/GHSA-hj48-42vr-x3v9',
31 silly audit report       title: 'Regular Expression Denial of Service in path-parse',
31 silly audit report       severity: 'moderate',
31 silly audit report       vulnerable_versions: '<1.0.7',
31 silly audit report       cwe: [Array],
31 silly audit report       cvss: [Object]
31 silly audit report     }
31 silly audit report   ],
31 silly audit report   tmpl: [
31 silly audit report     {
31 silly audit report       id: 1095104,
31 silly audit report       url: 'https://github.com/advisories/GHSA-jgrx-mgxx-jf9v',
31 silly audit report       title: 'tmpl vulnerable to Inefficient Regular Expression Complexity which may lead to resource exhaustion',
31 silly audit report       severity: 'high',
31 silly audit report       vulnerable_versions: '<1.0.5',
31 silly audit report       cwe: [Array],
31 silly audit report       cvss: [Object]
31 silly audit report     }
31 silly audit report   ],
31 silly audit report   'word-wrap': [
31 silly audit report     {
31 silly audit report       id: 1102444,
31 silly audit report       url: 'https://github.com/advisories/GHSA-j8xg-fqg3-53r7',
31 silly audit report       title: 'word-wrap vulnerable to Regular Expression Denial of Service',
31 silly audit report       severity: 'moderate',
31 silly audit report       vulnerable_versions: '<1.2.4',
31 silly audit report       cwe: [Array],
31 silly audit report       cvss: [Object]
31 silly audit report     }
31 silly audit report   ],
31 silly audit report   ws: [
31 silly audit report     {
31 silly audit report       id: 1098393,
31 silly audit report       url: 'https://github.com/advisories/GHSA-3h5v-q93c-6h6q',
31 silly audit report       title: 'ws affected by a DoS when handling a request with many HTTP headers',
31 silly audit report       severity: 'high',
31 silly audit report       vulnerable_versions: '>=7.0.0 <7.5.10',
31 silly audit report       cwe: [Array],
31 silly audit report       cvss: [Object]
31 silly audit report     }
31 silly audit report   ]
31 silly audit report }
32 silly packumentCache corgi:https://registry.npmjs.org/debug cache-miss
33 silly packumentCache corgi:https://registry.npmjs.org/semver cache-miss
34 silly packumentCache corgi:https://registry.npmjs.org/@babel%2fhelpers cache-miss
35 silly packumentCache corgi:https://registry.npmjs.org/@babel%2fruntime cache-miss
36 silly packumentCache corgi:https://registry.npmjs.org/@babel%2ftraverse cache-miss
37 silly packumentCache corgi:https://registry.npmjs.org/braces cache-miss
38 silly packumentCache corgi:https://registry.npmjs.org/micromatch cache-miss
39 silly packumentCache corgi:https://registry.npmjs.org/ansi-regex cache-miss
40 silly packumentCache corgi:https://registry.npmjs.org/brace-expansion cache-miss
41 silly packumentCache corgi:https://registry.npmjs.org/cross-spawn cache-miss
42 silly packumentCache corgi:https://registry.npmjs.org/hosted-git-info cache-miss
43 silly packumentCache corgi:https://registry.npmjs.org/html-minifier cache-miss
44 silly packumentCache corgi:https://registry.npmjs.org/form-data cache-miss
45 silly packumentCache corgi:https://registry.npmjs.org/tough-cookie cache-miss
46 silly packumentCache corgi:https://registry.npmjs.org/marked cache-miss
47 silly packumentCache corgi:https://registry.npmjs.org/merge cache-miss
48 silly packumentCache corgi:https://registry.npmjs.org/path-parse cache-miss
49 silly packumentCache corgi:https://registry.npmjs.org/tmpl cache-miss
50 silly packumentCache corgi:https://registry.npmjs.org/word-wrap cache-miss
51 silly packumentCache corgi:https://registry.npmjs.org/ws cache-miss
52 http fetch GET 200 https://registry.npmjs.org/playwright/-/playwright-1.56.1.tgz 235ms (cache miss)
53 http fetch GET 200 https://registry.npmjs.org/debug 159ms (cache miss)
54 silly packumentCache corgi:https://registry.npmjs.org/debug set size:undefined disposed:false
55 http fetch GET 200 https://registry.npmjs.org/merge 159ms (cache miss)
56 silly packumentCache corgi:https://registry.npmjs.org/merge set size:undefined disposed:false
57 http fetch GET 200 https://registry.npmjs.org/semver 161ms (cache miss)
58 silly packumentCache corgi:https://registry.npmjs.org/semver set size:undefined disposed:false
59 http fetch GET 200 https://registry.npmjs.org/marked 168ms (cache miss)
60 silly packumentCache corgi:https://registry.npmjs.org/marked set size:undefined disposed:false
61 http fetch GET 200 https://registry.npmjs.org/path-parse 182ms (cache miss)
62 silly packumentCache corgi:https://registry.npmjs.org/path-parse set size:undefined disposed:false
63 http fetch GET 200 https://registry.npmjs.org/tmpl 188ms (cache miss)
64 silly packumentCache corgi:https://registry.npmjs.org/tmpl set size:undefined disposed:false
65 http fetch GET 200 https://registry.npmjs.org/word-wrap 202ms (cache miss)
66 silly packumentCache corgi:https://registry.npmjs.org/word-wrap set size:undefined disposed:false
67 http fetch GET 200 https://registry.npmjs.org/ws 202ms (cache miss)
68 silly packumentCache corgi:https://registry.npmjs.org/ws set size:undefined disposed:false
69 http fetch GET 200 https://registry.npmjs.org/braces 218ms (cache miss)
70 silly packumentCache corgi:https://registry.npmjs.org/braces set size:undefined disposed:false
71 http fetch GET 200 https://registry.npmjs.org/form-data 224ms (cache miss)
72 silly packumentCache corgi:https://registry.npmjs.org/form-data set size:undefined disposed:false
73 http fetch GET 200 https://registry.npmjs.org/ansi-regex 234ms (cache miss)
74 silly packumentCache corgi:https://registry.npmjs.org/ansi-regex set size:undefined disposed:false
75 http fetch GET 200 https://registry.npmjs.org/tough-cookie 239ms (cache miss)
76 silly packumentCache corgi:https://registry.npmjs.org/tough-cookie set size:undefined disposed:false
77 http fetch GET 200 https://registry.npmjs.org/hosted-git-info 240ms (cache miss)
78 silly packumentCache corgi:https://registry.npmjs.org/hosted-git-info set size:undefined disposed:false
79 http fetch GET 200 https://registry.npmjs.org/brace-expansion 249ms (cache miss)
80 silly packumentCache corgi:https://registry.npmjs.org/brace-expansion set size:undefined disposed:false
81 http fetch GET 200 https://registry.npmjs.org/@babel%2ftraverse 251ms (cache miss)
82 silly packumentCache corgi:https://registry.npmjs.org/@babel%2ftraverse set size:undefined disposed:false
83 http fetch GET 200 https://registry.npmjs.org/micromatch 256ms (cache miss)
84 silly packumentCache corgi:https://registry.npmjs.org/micromatch set size:undefined disposed:false
85 http fetch GET 200 https://registry.npmjs.org/@babel%2fhelpers 271ms (cache miss)
86 silly packumentCache corgi:https://registry.npmjs.org/@babel%2fhelpers set size:undefined disposed:false
87 http fetch GET 200 https://registry.npmjs.org/html-minifier 281ms (cache miss)
88 silly packumentCache corgi:https://registry.npmjs.org/html-minifier set size:undefined disposed:false
89 http fetch GET 200 https://registry.npmjs.org/cross-spawn 299ms (cache miss)
90 silly packumentCache corgi:https://registry.npmjs.org/cross-spawn set size:undefined disposed:false
91 http fetch GET 200 https://registry.npmjs.org/@babel%2fruntime 339ms (cache miss)
92 silly packumentCache corgi:https://registry.npmjs.org/@babel%2fruntime set size:undefined disposed:false
93 silly packumentCache corgi:https://registry.npmjs.org/istanbul-lib-source-maps cache-miss
94 http fetch GET 200 https://registry.npmjs.org/istanbul-lib-source-maps 50ms (cache miss)
95 silly packumentCache corgi:https://registry.npmjs.org/istanbul-lib-source-maps set size:undefined disposed:false
96 silly packumentCache corgi:https://registry.npmjs.org/jest-snapshot cache-miss
97 silly packumentCache corgi:https://registry.npmjs.org/node-notifier cache-miss
98 http fetch GET 200 https://registry.npmjs.org/node-notifier 46ms (cache miss)
99 silly packumentCache corgi:https://registry.npmjs.org/node-notifier set size:undefined disposed:false
100 http fetch GET 200 https://registry.npmjs.org/jest-snapshot 58ms (cache miss)
101 silly packumentCache corgi:https://registry.npmjs.org/jest-snapshot set size:undefined disposed:false
102 silly packumentCache corgi:https://registry.npmjs.org/make-dir cache-miss
103 silly packumentCache corgi:https://registry.npmjs.org/node-environment-flags cache-miss
104 silly packumentCache corgi:https://registry.npmjs.org/normalize-package-data cache-miss
105 http fetch GET 200 https://registry.npmjs.org/make-dir 43ms (cache miss)
106 silly packumentCache corgi:https://registry.npmjs.org/make-dir set size:undefined disposed:false
107 http fetch GET 200 https://registry.npmjs.org/node-environment-flags 44ms (cache miss)
108 silly packumentCache corgi:https://registry.npmjs.org/node-environment-flags set size:undefined disposed:false
109 http fetch GET 200 https://registry.npmjs.org/normalize-package-data 51ms (cache miss)
110 silly packumentCache corgi:https://registry.npmjs.org/normalize-package-data set size:undefined disposed:false
111 silly packumentCache corgi:https://registry.npmjs.org/istanbul-lib-instrument cache-miss
112 http fetch GET 200 https://registry.npmjs.org/istanbul-lib-instrument 56ms (cache miss)
113 silly packumentCache corgi:https://registry.npmjs.org/istanbul-lib-instrument set size:undefined disposed:false
114 silly packumentCache corgi:https://registry.npmjs.org/@babel%2fcore cache-miss
115 http fetch GET 200 https://registry.npmjs.org/@babel%2fcore 84ms (cache miss)
116 silly packumentCache corgi:https://registry.npmjs.org/@babel%2fcore set size:undefined disposed:false
117 silly packumentCache corgi:https://registry.npmjs.org/regenerator-transform cache-miss
118 http fetch GET 200 https://registry.npmjs.org/regenerator-transform 53ms (cache miss)
119 silly packumentCache corgi:https://registry.npmjs.org/regenerator-transform set size:undefined disposed:false
120 silly packumentCache corgi:https://registry.npmjs.org/jest-jasmine2 cache-miss
121 http fetch GET 200 https://registry.npmjs.org/jest-jasmine2 105ms (cache miss)
122 silly packumentCache corgi:https://registry.npmjs.org/jest-jasmine2 set size:undefined disposed:false
123 silly packumentCache corgi:https://registry.npmjs.org/chokidar cache-miss
124 http fetch GET 200 https://registry.npmjs.org/chokidar 63ms (cache miss)
125 silly packumentCache corgi:https://registry.npmjs.org/chokidar set size:undefined disposed:false
126 silly packumentCache corgi:https://registry.npmjs.org/@jest%2fcore cache-miss
127 silly packumentCache corgi:https://registry.npmjs.org/@jest%2ftransform cache-miss
128 silly packumentCache corgi:https://registry.npmjs.org/jest-haste-map cache-miss
129 silly packumentCache corgi:https://registry.npmjs.org/jest-util cache-miss
130 silly packumentCache corgi:https://registry.npmjs.org/jest-config cache-miss
131 silly packumentCache corgi:https://registry.npmjs.org/jest-message-util cache-miss
132 silly packumentCache corgi:https://registry.npmjs.org/anymatch cache-miss
133 silly packumentCache corgi:https://registry.npmjs.org/sane cache-miss
134 http fetch GET 200 https://registry.npmjs.org/jest-message-util 54ms (cache miss)
135 silly packumentCache corgi:https://registry.npmjs.org/jest-message-util set size:undefined disposed:false
136 http fetch GET 200 https://registry.npmjs.org/anymatch 61ms (cache miss)
137 silly packumentCache corgi:https://registry.npmjs.org/anymatch set size:undefined disposed:false
138 http fetch GET 200 https://registry.npmjs.org/sane 63ms (cache miss)
139 silly packumentCache corgi:https://registry.npmjs.org/sane set size:undefined disposed:false
140 http fetch GET 200 https://registry.npmjs.org/jest-config 64ms (cache miss)
141 silly packumentCache corgi:https://registry.npmjs.org/jest-config set size:undefined disposed:false
142 http fetch GET 200 https://registry.npmjs.org/@jest%2ftransform 81ms (cache miss)
143 silly packumentCache corgi:https://registry.npmjs.org/@jest%2ftransform set size:undefined disposed:false
144 http fetch GET 200 https://registry.npmjs.org/jest-util 88ms (cache miss)
145 silly packumentCache corgi:https://registry.npmjs.org/jest-util set size:undefined disposed:false
146 http fetch GET 200 https://registry.npmjs.org/jest-haste-map 91ms (cache miss)
147 silly packumentCache corgi:https://registry.npmjs.org/jest-haste-map set size:undefined disposed:false
148 http fetch GET 200 https://registry.npmjs.org/@jest%2fcore 101ms (cache miss)
149 silly packumentCache corgi:https://registry.npmjs.org/@jest%2fcore set size:undefined disposed:false
150 silly packumentCache corgi:https://registry.npmjs.org/pretty-format cache-miss
151 silly packumentCache corgi:https://registry.npmjs.org/strip-ansi cache-miss
152 http fetch GET 200 https://registry.npmjs.org/strip-ansi 51ms (cache miss)
153 silly packumentCache corgi:https://registry.npmjs.org/strip-ansi set size:undefined disposed:false
154 http fetch GET 200 https://registry.npmjs.org/pretty-format 57ms (cache miss)
155 silly packumentCache corgi:https://registry.npmjs.org/pretty-format set size:undefined disposed:false
156 silly packumentCache corgi:https://registry.npmjs.org/minimatch cache-miss
157 http fetch GET 200 https://registry.npmjs.org/minimatch 84ms (cache miss)
158 silly packumentCache corgi:https://registry.npmjs.org/minimatch set size:undefined disposed:false
159 silly packumentCache corgi:https://registry.npmjs.org/execa cache-miss
160 http fetch GET 200 https://registry.npmjs.org/execa 56ms (cache miss)
161 silly packumentCache corgi:https://registry.npmjs.org/execa set size:undefined disposed:false
162 silly packumentCache corgi:https://registry.npmjs.org/html-loader cache-miss
163 http fetch GET 200 https://registry.npmjs.org/html-loader 49ms (cache miss)
164 silly packumentCache corgi:https://registry.npmjs.org/html-loader set size:undefined disposed:false
165 silly packumentCache corgi:https://registry.npmjs.org/jsdom cache-miss
166 http fetch GET 200 https://registry.npmjs.org/jsdom 74ms (cache miss)
167 silly packumentCache corgi:https://registry.npmjs.org/jsdom set size:undefined disposed:false
168 silly packumentCache corgi:https://registry.npmjs.org/markdown-loader cache-miss
169 http fetch GET 200 https://registry.npmjs.org/markdown-loader 632ms (cache miss)
170 silly packumentCache corgi:https://registry.npmjs.org/markdown-loader set size:undefined disposed:false
171 silly packumentCache corgi:https://registry.npmjs.org/exec-sh cache-miss
172 http fetch GET 200 https://registry.npmjs.org/exec-sh 79ms (cache miss)
173 silly packumentCache corgi:https://registry.npmjs.org/exec-sh set size:undefined disposed:false
174 silly packumentCache corgi:https://registry.npmjs.org/resolve cache-miss
175 http fetch GET 200 https://registry.npmjs.org/resolve 53ms (cache miss)
176 silly packumentCache corgi:https://registry.npmjs.org/resolve set size:undefined disposed:false
177 silly packumentCache corgi:https://registry.npmjs.org/makeerror cache-miss
178 http fetch GET 200 https://registry.npmjs.org/makeerror 47ms (cache miss)
179 silly packumentCache corgi:https://registry.npmjs.org/makeerror set size:undefined disposed:false
180 silly packumentCache corgi:https://registry.npmjs.org/optionator cache-miss
181 http fetch GET 200 https://registry.npmjs.org/optionator 69ms (cache miss)
182 silly packumentCache corgi:https://registry.npmjs.org/optionator set size:undefined disposed:false
183 silly packumentCache corgi:https://registry.npmjs.org/markdown-loader-jest cache-miss
184 http fetch GET 200 https://registry.npmjs.org/markdown-loader-jest 91ms (cache miss)
185 silly packumentCache corgi:https://registry.npmjs.org/markdown-loader-jest set size:undefined disposed:false
186 silly packumentCache corgi:https://registry.npmjs.org/watch cache-miss
187 http fetch GET 200 https://registry.npmjs.org/watch 73ms (cache miss)
188 silly packumentCache corgi:https://registry.npmjs.org/watch set size:undefined disposed:false
189 silly packumentCache corgi:https://registry.npmjs.org/@jest%2freporters cache-miss
190 silly packumentCache corgi:https://registry.npmjs.org/@jest%2ftest-sequencer cache-miss
191 silly packumentCache corgi:https://registry.npmjs.org/jest-runner cache-miss
192 silly packumentCache corgi:https://registry.npmjs.org/jest-runtime cache-miss
193 http fetch GET 200 https://registry.npmjs.org/@jest%2freporters 114ms (cache miss)
194 silly packumentCache corgi:https://registry.npmjs.org/@jest%2freporters set size:undefined disposed:false
195 http fetch GET 200 https://registry.npmjs.org/jest-runner 118ms (cache miss)
196 silly packumentCache corgi:https://registry.npmjs.org/jest-runner set size:undefined disposed:false
197 http fetch GET 200 https://registry.npmjs.org/jest-runtime 127ms (cache miss)
198 silly packumentCache corgi:https://registry.npmjs.org/jest-runtime set size:undefined disposed:false
199 http fetch GET 200 https://registry.npmjs.org/@jest%2ftest-sequencer 170ms (cache miss)
200 silly packumentCache corgi:https://registry.npmjs.org/@jest%2ftest-sequencer set size:undefined disposed:false
201 silly packumentCache corgi:https://registry.npmjs.org/jest cache-miss
202 silly packumentCache corgi:https://registry.npmjs.org/jest-cli cache-miss
203 http fetch GET 200 https://registry.npmjs.org/jest 71ms (cache miss)
204 silly packumentCache corgi:https://registry.npmjs.org/jest set size:undefined disposed:false
205 http fetch GET 200 https://registry.npmjs.org/jest-cli 136ms (cache miss)
206 silly packumentCache corgi:https://registry.npmjs.org/jest-cli set size:undefined disposed:false
207 silly packumentCache corgi:https://registry.npmjs.org/jest-resolve-dependencies cache-miss
208 http fetch GET 200 https://registry.npmjs.org/jest-resolve-dependencies 115ms (cache miss)
209 silly packumentCache corgi:https://registry.npmjs.org/jest-resolve-dependencies set size:undefined disposed:false
210 silly packumentCache corgi:https://registry.npmjs.org/babel-jest cache-miss
211 http fetch GET 200 https://registry.npmjs.org/babel-jest 107ms (cache miss)
212 silly packumentCache corgi:https://registry.npmjs.org/babel-jest set size:undefined disposed:false
213 silly ADD node_modules/playwright-core
214 silly ADD node_modules/playwright
215 verbose cwd /Users/mcclowes/Development/mcclowes/cv
216 verbose os Darwin 24.6.0
217 verbose node v20.19.0
218 verbose npm  v10.8.2
219 notice
219 notice New major version of npm available! 10.8.2 -> 11.6.2
219 notice Changelog: https://github.com/npm/cli/releases/tag/v11.6.2
219 notice To update run: npm install -g npm@11.6.2
219 notice  { force: true, [Symbol(proc-log.meta)]: true }
220 verbose exit 0
221 info ok
